2018-10-23 15:48:56,873 INFO o.a.j.u.JMeterUtils: Setting Locale to es_ES
2018-10-23 15:48:56,900 INFO o.a.j.u.JMeterUtils: Could not find resources for 'es_ES', using 'es'
2018-10-23 15:48:56,900 INFO o.a.j.JMeter: Loading system properties from: system.properties
2018-10-23 15:48:56,900 INFO o.a.j.JMeter: Copyright (c) 1998-2018 The Apache Software Foundation
2018-10-23 15:48:56,900 INFO o.a.j.JMeter: Version 5.0 r1840935
2018-10-23 15:48:56,900 INFO o.a.j.JMeter: java.version=1.8.0_191
2018-10-23 15:48:56,900 INFO o.a.j.JMeter: java.vm.name=Java HotSpot(TM) 64-Bit Server VM
2018-10-23 15:48:56,900 INFO o.a.j.JMeter: os.name=Windows 10
2018-10-23 15:48:56,900 INFO o.a.j.JMeter: os.arch=amd64
2018-10-23 15:48:56,900 INFO o.a.j.JMeter: os.version=10.0
2018-10-23 15:48:56,900 INFO o.a.j.JMeter: file.encoding=Cp1252
2018-10-23 15:48:56,900 INFO o.a.j.JMeter: Max memory     =514850816
2018-10-23 15:48:56,900 INFO o.a.j.JMeter: Available Processors =8
2018-10-23 15:48:56,916 INFO o.a.j.JMeter: Default Locale=español (España)
2018-10-23 15:48:56,916 INFO o.a.j.JMeter: JMeter  Locale=español (España)
2018-10-23 15:48:56,916 INFO o.a.j.JMeter: JMeterHome=C:\Users\susana\workspace\Problema1\target\jmeter
2018-10-23 15:48:56,916 INFO o.a.j.JMeter: user.dir  =C:\Users\susana\workspace\Problema1\target\jmeter\bin
2018-10-23 15:48:56,916 INFO o.a.j.JMeter: PWD       =C:\Users\susana\workspace\Problema1\target\jmeter\bin
2018-10-23 15:49:01,444 INFO o.a.j.JMeter: IP: 192.168.116.1 Name: DESKTOP-26DGR2A FullName: DESKTOP-26DGR2A
2018-10-23 15:49:01,444 INFO o.a.j.JMeter: Setting property 'jmeter.reportgenerator.outputdir' to:'C:\Users\susana\workspace\Problema1\target\jmeter\reports\Scenario2_20181023_154855'
2018-10-23 15:49:01,444 INFO o.a.j.s.FileServer: Default base='C:\Users\susana\workspace\Problema1\target\jmeter\bin'
2018-10-23 15:49:01,444 INFO o.a.j.s.FileServer: Set new base='C:\Users\susana\workspace\Problema1\target\jmeter\testFiles'
2018-10-23 15:49:01,569 INFO o.a.j.s.SaveService: Testplan (JMX) version: 2.2. Testlog (JTL) version: 2.2
2018-10-23 15:49:01,585 INFO o.a.j.s.SaveService: Using SaveService properties file encoding UTF-8
2018-10-23 15:49:01,585 INFO o.a.j.s.SaveService: Using SaveService properties version 5.0
2018-10-23 15:49:01,585 INFO o.a.j.s.SaveService: Loading file: C:\Users\susana\workspace\Problema1\target\jmeter\testFiles\Scenario2.jmx
2018-10-23 15:49:01,632 INFO o.a.j.p.h.c.CookieManager: Settings: Delete null: true Check: true Allow variable: true Save: false Prefix: COOKIE_
2018-10-23 15:49:01,632 INFO o.a.j.p.h.s.HTTPSamplerBase: Parser for text/html is org.apache.jmeter.protocol.http.parser.LagartoBasedHtmlParser
2018-10-23 15:49:01,632 INFO o.a.j.p.h.s.HTTPSamplerBase: Parser for application/xhtml+xml is org.apache.jmeter.protocol.http.parser.LagartoBasedHtmlParser
2018-10-23 15:49:01,632 INFO o.a.j.p.h.s.HTTPSamplerBase: Parser for application/xml is org.apache.jmeter.protocol.http.parser.LagartoBasedHtmlParser
2018-10-23 15:49:01,632 INFO o.a.j.p.h.s.HTTPSamplerBase: Parser for text/xml is org.apache.jmeter.protocol.http.parser.LagartoBasedHtmlParser
2018-10-23 15:49:01,632 INFO o.a.j.p.h.s.HTTPSamplerBase: Parser for text/vnd.wap.wml is org.apache.jmeter.protocol.http.parser.RegexpHTMLParser
2018-10-23 15:49:01,632 INFO o.a.j.p.h.s.HTTPSamplerBase: Parser for text/css is org.apache.jmeter.protocol.http.parser.CssParser
2018-10-23 15:49:01,663 INFO o.a.j.JMeter: Creating summariser <summary>
2018-10-23 15:49:01,679 INFO o.a.j.r.d.ReportGenerator: ReportGenerator will use for Parsing the separator: ','
2018-10-23 15:49:01,679 INFO o.a.j.r.d.ReportGenerator: Will generate report at end of test from  results file: C:\Users\susana\workspace\Problema1\target\jmeter\results\20181023-Scenario2.csv
2018-10-23 15:49:01,679 INFO o.a.j.r.d.ReportGenerator: Reading report generator properties from: C:\Users\susana\workspace\Problema1\target\jmeter\bin\reportgenerator.properties
2018-10-23 15:49:01,679 INFO o.a.j.r.d.ReportGenerator: Merging with JMeter properties
2018-10-23 15:49:01,679 INFO o.a.j.r.c.ReportGeneratorConfiguration: Property 'jmeter.reportgenerator.temp_dir' not found, using default value 'temp' instead.
2018-10-23 15:49:01,679 INFO o.a.j.r.c.ReportGeneratorConfiguration: Property 'jmeter.reportgenerator.apdex_per_transaction' not found, using default value 'null' instead.
2018-10-23 15:49:01,679 INFO o.a.j.r.c.ReportGeneratorConfiguration: apdex_per_transaction : {} is empty, not APDEX per transaction customization
2018-10-23 15:49:01,679 INFO o.a.j.r.c.ReportGeneratorConfiguration: Property 'jmeter.reportgenerator.sample_filter' not found, using default value 'null' instead.
2018-10-23 15:49:01,679 INFO o.a.j.r.c.ReportGeneratorConfiguration: Property 'jmeter.reportgenerator.report_title' not found, using default value 'null' instead.
2018-10-23 15:49:01,679 INFO o.a.j.r.c.ReportGeneratorConfiguration: Property 'jmeter.reportgenerator.start_date' not found, using default value 'null' instead.
2018-10-23 15:49:01,679 INFO o.a.j.r.c.ReportGeneratorConfiguration: Property 'jmeter.reportgenerator.end_date' not found, using default value 'null' instead.
2018-10-23 15:49:01,679 INFO o.a.j.r.c.ReportGeneratorConfiguration: Property 'jmeter.reportgenerator.date_format' not found, using default value 'null' instead.
2018-10-23 15:49:01,679 INFO o.a.j.r.c.ReportGeneratorConfiguration: Will use date range start date: null, end date: null
2018-10-23 15:49:01,694 INFO o.a.j.r.c.ReportGeneratorConfiguration: Property 'jmeter.reportgenerator.graph.totalTPS.exclude_controllers' not found, using default value 'false' instead.
2018-10-23 15:49:01,694 INFO o.a.j.r.c.ReportGeneratorConfiguration: Property 'jmeter.reportgenerator.graph.activeThreadsOverTime.exclude_controllers' not found, using default value 'false' instead.
2018-10-23 15:49:01,694 INFO o.a.j.r.c.ReportGeneratorConfiguration: Property 'jmeter.reportgenerator.graph.timeVsThreads.exclude_controllers' not found, using default value 'false' instead.
2018-10-23 15:49:01,694 INFO o.a.j.r.c.ReportGeneratorConfiguration: Property 'jmeter.reportgenerator.graph.responseTimeDistribution.exclude_controllers' not found, using default value 'false' instead.
2018-10-23 15:49:01,694 INFO o.a.j.r.c.ReportGeneratorConfiguration: Property 'jmeter.reportgenerator.graph.transactionsPerSecond.exclude_controllers' not found, using default value 'false' instead.
2018-10-23 15:49:01,694 INFO o.a.j.r.c.ReportGeneratorConfiguration: Property 'jmeter.reportgenerator.graph.responseTimePercentiles.exclude_controllers' not found, using default value 'false' instead.
2018-10-23 15:49:01,694 INFO o.a.j.r.c.ReportGeneratorConfiguration: Property 'jmeter.reportgenerator.graph.responseTimePercentilesOverTime.exclude_controllers' not found, using default value 'false' instead.
2018-10-23 15:49:01,694 INFO o.a.j.r.c.ReportGeneratorConfiguration: Property 'jmeter.reportgenerator.graph.responseTimesOverTime.exclude_controllers' not found, using default value 'false' instead.
2018-10-23 15:49:01,694 INFO o.a.j.r.c.ReportGeneratorConfiguration: Property 'jmeter.reportgenerator.graph.connectTimeOverTime.exclude_controllers' not found, using default value 'false' instead.
2018-10-23 15:49:01,694 INFO o.a.j.r.c.ReportGeneratorConfiguration: Property 'jmeter.reportgenerator.graph.latenciesOverTime.exclude_controllers' not found, using default value 'false' instead.
2018-10-23 15:49:01,694 INFO o.a.j.r.c.ReportGeneratorConfiguration: Property 'jmeter.reportgenerator.exporter.html.filters_only_sample_series' not found, using default value 'true' instead.
2018-10-23 15:49:01,694 INFO o.a.j.r.c.ReportGeneratorConfiguration: Property 'jmeter.reportgenerator.exporter.html.series_filter' not found, using default value '' instead.
2018-10-23 15:49:01,694 INFO o.a.j.r.c.ReportGeneratorConfiguration: Property 'jmeter.reportgenerator.exporter.html.show_controllers_only' not found, using default value 'false' instead.
2018-10-23 15:49:01,694 ERROR o.a.j.JMeter: Error in NonGUIDriver
java.lang.RuntimeException: Could not find the TestPlan class!
	at org.apache.jmeter.engine.StandardJMeterEngine.configure(StandardJMeterEngine.java:173) ~[ApacheJMeter_core-5.0.jar:5.0 r1840935]
	at org.apache.jmeter.JMeter.runNonGui(JMeter.java:1054) [ApacheJMeter_core-5.0.jar:5.0 r1840935]
	at org.apache.jmeter.JMeter.startNonGui(JMeter.java:973) [ApacheJMeter_core-5.0.jar:5.0 r1840935]
	at org.apache.jmeter.JMeter.start(JMeter.java:555) [ApacheJMeter_core-5.0.jar:5.0 r1840935]
	at sun.reflect.NativeMethodAccessorImpl.invoke0(Native Method) ~[?:1.8.0_191]
	at sun.reflect.NativeMethodAccessorImpl.invoke(Unknown Source) ~[?:1.8.0_191]
	at sun.reflect.DelegatingMethodAccessorImpl.invoke(Unknown Source) ~[?:1.8.0_191]
	at java.lang.reflect.Method.invoke(Unknown Source) ~[?:1.8.0_191]
	at org.apache.jmeter.NewDriver.main(NewDriver.java:245) [ApacheJMeter-5.0.jar:5.0 r1840935]
