2018-10-23 15:47:43,663 INFO o.a.j.u.JMeterUtils: Setting Locale to es_ES
2018-10-23 15:47:43,673 INFO o.a.j.u.JMeterUtils: Could not find resources for 'es_ES', using 'es'
2018-10-23 15:47:43,683 INFO o.a.j.JMeter: Loading system properties from: system.properties
2018-10-23 15:47:43,687 INFO o.a.j.JMeter: Copyright (c) 1998-2018 The Apache Software Foundation
2018-10-23 15:47:43,687 INFO o.a.j.JMeter: Version 5.0 r1840935
2018-10-23 15:47:43,687 INFO o.a.j.JMeter: java.version=1.8.0_191
2018-10-23 15:47:43,687 INFO o.a.j.JMeter: java.vm.name=Java HotSpot(TM) 64-Bit Server VM
2018-10-23 15:47:43,687 INFO o.a.j.JMeter: os.name=Windows 10
2018-10-23 15:47:43,687 INFO o.a.j.JMeter: os.arch=amd64
2018-10-23 15:47:43,687 INFO o.a.j.JMeter: os.version=10.0
2018-10-23 15:47:43,687 INFO o.a.j.JMeter: file.encoding=Cp1252
2018-10-23 15:47:43,687 INFO o.a.j.JMeter: Max memory     =514850816
2018-10-23 15:47:43,687 INFO o.a.j.JMeter: Available Processors =8
2018-10-23 15:47:43,692 INFO o.a.j.JMeter: Default Locale=español (España)
2018-10-23 15:47:43,692 INFO o.a.j.JMeter: JMeter  Locale=español (España)
2018-10-23 15:47:43,692 INFO o.a.j.JMeter: JMeterHome=C:\Users\susana\workspace\Problema1\target\jmeter
2018-10-23 15:47:43,692 INFO o.a.j.JMeter: user.dir  =C:\Users\susana\workspace\Problema1\target\jmeter\bin
2018-10-23 15:47:43,692 INFO o.a.j.JMeter: PWD       =C:\Users\susana\workspace\Problema1\target\jmeter\bin
2018-10-23 15:47:48,224 INFO o.a.j.JMeter: IP: 192.168.116.1 Name: DESKTOP-26DGR2A FullName: DESKTOP-26DGR2A
2018-10-23 15:47:48,224 INFO o.a.j.JMeter: Setting property 'jmeter.reportgenerator.outputdir' to:'C:\Users\susana\workspace\Problema1\target\jmeter\reports\Scenario1_20181023_154742'
2018-10-23 15:47:48,224 INFO o.a.j.s.FileServer: Default base='C:\Users\susana\workspace\Problema1\target\jmeter\bin'
2018-10-23 15:47:48,228 INFO o.a.j.s.FileServer: Set new base='C:\Users\susana\workspace\Problema1\target\jmeter\testFiles'
2018-10-23 15:47:48,366 INFO o.a.j.s.SaveService: Testplan (JMX) version: 2.2. Testlog (JTL) version: 2.2
2018-10-23 15:47:48,376 INFO o.a.j.s.SaveService: Using SaveService properties file encoding UTF-8
2018-10-23 15:47:48,391 INFO o.a.j.s.SaveService: Using SaveService properties version 5.0
2018-10-23 15:47:48,397 INFO o.a.j.s.SaveService: Loading file: C:\Users\susana\workspace\Problema1\target\jmeter\testFiles\Scenario1.jmx
2018-10-23 15:47:48,438 INFO o.a.j.p.h.c.CookieManager: Settings: Delete null: true Check: true Allow variable: true Save: false Prefix: COOKIE_
2018-10-23 15:47:48,448 INFO o.a.j.p.h.s.HTTPSamplerBase: Parser for text/html is org.apache.jmeter.protocol.http.parser.LagartoBasedHtmlParser
2018-10-23 15:47:48,448 INFO o.a.j.p.h.s.HTTPSamplerBase: Parser for application/xhtml+xml is org.apache.jmeter.protocol.http.parser.LagartoBasedHtmlParser
2018-10-23 15:47:48,448 INFO o.a.j.p.h.s.HTTPSamplerBase: Parser for application/xml is org.apache.jmeter.protocol.http.parser.LagartoBasedHtmlParser
2018-10-23 15:47:48,448 INFO o.a.j.p.h.s.HTTPSamplerBase: Parser for text/xml is org.apache.jmeter.protocol.http.parser.LagartoBasedHtmlParser
2018-10-23 15:47:48,448 INFO o.a.j.p.h.s.HTTPSamplerBase: Parser for text/vnd.wap.wml is org.apache.jmeter.protocol.http.parser.RegexpHTMLParser
2018-10-23 15:47:48,448 INFO o.a.j.p.h.s.HTTPSamplerBase: Parser for text/css is org.apache.jmeter.protocol.http.parser.CssParser
2018-10-23 15:47:48,478 INFO o.a.j.JMeter: Creating summariser <summary>
2018-10-23 15:47:48,478 INFO o.a.j.r.d.ReportGenerator: ReportGenerator will use for Parsing the separator: ','
2018-10-23 15:47:48,478 INFO o.a.j.r.d.ReportGenerator: Will generate report at end of test from  results file: C:\Users\susana\workspace\Problema1\target\jmeter\results\20181023-Scenario1.csv
2018-10-23 15:47:48,478 INFO o.a.j.r.d.ReportGenerator: Reading report generator properties from: C:\Users\susana\workspace\Problema1\target\jmeter\bin\reportgenerator.properties
2018-10-23 15:47:48,478 INFO o.a.j.r.d.ReportGenerator: Merging with JMeter properties
2018-10-23 15:47:48,488 INFO o.a.j.r.c.ReportGeneratorConfiguration: Property 'jmeter.reportgenerator.temp_dir' not found, using default value 'temp' instead.
2018-10-23 15:47:48,488 INFO o.a.j.r.c.ReportGeneratorConfiguration: Property 'jmeter.reportgenerator.apdex_per_transaction' not found, using default value 'null' instead.
2018-10-23 15:47:48,488 INFO o.a.j.r.c.ReportGeneratorConfiguration: apdex_per_transaction : {} is empty, not APDEX per transaction customization
2018-10-23 15:47:48,488 INFO o.a.j.r.c.ReportGeneratorConfiguration: Property 'jmeter.reportgenerator.sample_filter' not found, using default value 'null' instead.
2018-10-23 15:47:48,488 INFO o.a.j.r.c.ReportGeneratorConfiguration: Property 'jmeter.reportgenerator.report_title' not found, using default value 'null' instead.
2018-10-23 15:47:48,488 INFO o.a.j.r.c.ReportGeneratorConfiguration: Property 'jmeter.reportgenerator.start_date' not found, using default value 'null' instead.
2018-10-23 15:47:48,488 INFO o.a.j.r.c.ReportGeneratorConfiguration: Property 'jmeter.reportgenerator.end_date' not found, using default value 'null' instead.
2018-10-23 15:47:48,488 INFO o.a.j.r.c.ReportGeneratorConfiguration: Property 'jmeter.reportgenerator.date_format' not found, using default value 'null' instead.
2018-10-23 15:47:48,488 INFO o.a.j.r.c.ReportGeneratorConfiguration: Will use date range start date: null, end date: null
2018-10-23 15:47:48,498 INFO o.a.j.r.c.ReportGeneratorConfiguration: Property 'jmeter.reportgenerator.graph.totalTPS.exclude_controllers' not found, using default value 'false' instead.
2018-10-23 15:47:48,498 INFO o.a.j.r.c.ReportGeneratorConfiguration: Property 'jmeter.reportgenerator.graph.activeThreadsOverTime.exclude_controllers' not found, using default value 'false' instead.
2018-10-23 15:47:48,498 INFO o.a.j.r.c.ReportGeneratorConfiguration: Property 'jmeter.reportgenerator.graph.timeVsThreads.exclude_controllers' not found, using default value 'false' instead.
2018-10-23 15:47:48,498 INFO o.a.j.r.c.ReportGeneratorConfiguration: Property 'jmeter.reportgenerator.graph.responseTimeDistribution.exclude_controllers' not found, using default value 'false' instead.
2018-10-23 15:47:48,498 INFO o.a.j.r.c.ReportGeneratorConfiguration: Property 'jmeter.reportgenerator.graph.transactionsPerSecond.exclude_controllers' not found, using default value 'false' instead.
2018-10-23 15:47:48,498 INFO o.a.j.r.c.ReportGeneratorConfiguration: Property 'jmeter.reportgenerator.graph.responseTimePercentiles.exclude_controllers' not found, using default value 'false' instead.
2018-10-23 15:47:48,498 INFO o.a.j.r.c.ReportGeneratorConfiguration: Property 'jmeter.reportgenerator.graph.responseTimePercentilesOverTime.exclude_controllers' not found, using default value 'false' instead.
2018-10-23 15:47:48,498 INFO o.a.j.r.c.ReportGeneratorConfiguration: Property 'jmeter.reportgenerator.graph.responseTimesOverTime.exclude_controllers' not found, using default value 'false' instead.
2018-10-23 15:47:48,498 INFO o.a.j.r.c.ReportGeneratorConfiguration: Property 'jmeter.reportgenerator.graph.connectTimeOverTime.exclude_controllers' not found, using default value 'false' instead.
2018-10-23 15:47:48,498 INFO o.a.j.r.c.ReportGeneratorConfiguration: Property 'jmeter.reportgenerator.graph.latenciesOverTime.exclude_controllers' not found, using default value 'false' instead.
2018-10-23 15:47:48,498 INFO o.a.j.r.c.ReportGeneratorConfiguration: Property 'jmeter.reportgenerator.exporter.html.filters_only_sample_series' not found, using default value 'true' instead.
2018-10-23 15:47:48,498 INFO o.a.j.r.c.ReportGeneratorConfiguration: Property 'jmeter.reportgenerator.exporter.html.series_filter' not found, using default value '' instead.
2018-10-23 15:47:48,498 INFO o.a.j.r.c.ReportGeneratorConfiguration: Property 'jmeter.reportgenerator.exporter.html.show_controllers_only' not found, using default value 'false' instead.
2018-10-23 15:47:48,498 INFO o.a.j.e.StandardJMeterEngine: Running the test!
2018-10-23 15:47:48,509 INFO o.a.j.s.SampleEvent: List of sample_variables: []
2018-10-23 15:47:48,509 INFO o.a.j.s.SampleEvent: List of sample_variables: []
2018-10-23 15:47:48,519 INFO o.a.j.e.u.CompoundVariable: Note: Function class names must contain the string: '.functions.'
2018-10-23 15:47:48,519 INFO o.a.j.e.u.CompoundVariable: Note: Function class names must not contain the string: '.gui.'
2018-10-23 15:47:48,925 INFO o.a.j.JMeter: Test lanzado (1540302468925)
2018-10-23 15:47:49,006 INFO o.a.j.e.StandardJMeterEngine: Starting ThreadGroup: 1 : Scenario 1
2018-10-23 15:47:49,006 INFO o.a.j.e.StandardJMeterEngine: Starting 5 threads for group Scenario 1.
2018-10-23 15:47:49,006 INFO o.a.j.e.StandardJMeterEngine: Thread will continue on error
2018-10-23 15:47:49,006 INFO o.a.j.t.ThreadGroup: Starting thread group... number=1 threads=5 ramp-up=0 perThread=0.0 delayedStart=false
2018-10-23 15:47:49,017 INFO o.a.j.t.ThreadGroup: Started thread group number 1
2018-10-23 15:47:49,017 INFO o.a.j.e.StandardJMeterEngine: All thread groups have been started
2018-10-23 15:47:54,006 INFO o.a.j.t.JMeterThread: Thread started: Scenario 1 1-2
2018-10-23 15:47:54,006 INFO o.a.j.t.JMeterThread: Thread started: Scenario 1 1-1
2018-10-23 15:47:54,006 INFO o.a.j.t.JMeterThread: Thread started: Scenario 1 1-5
2018-10-23 15:47:54,006 INFO o.a.j.t.JMeterThread: Thread started: Scenario 1 1-3
2018-10-23 15:47:54,006 INFO o.a.j.t.JMeterThread: Thread started: Scenario 1 1-4
2018-10-23 15:47:54,035 INFO o.a.j.p.h.s.HTTPHCAbstractImpl: Local host = DESKTOP-26DGR2A
2018-10-23 15:47:54,035 INFO o.a.j.p.h.s.HTTPHC4Impl: HTTP request retry count = 0
2018-10-23 15:47:54,035 INFO o.a.j.s.SampleResult: Note: Sample TimeStamps are START times
2018-10-23 15:47:54,035 INFO o.a.j.s.SampleResult: sampleresult.default.encoding is set to ISO-8859-1
2018-10-23 15:47:54,045 INFO o.a.j.s.SampleResult: sampleresult.useNanoTime=true
2018-10-23 15:47:54,045 INFO o.a.j.s.SampleResult: sampleresult.nanoThreadSleep=5000
2018-10-23 15:47:54,236 INFO o.a.j.p.h.s.h.LazyLayeredConnectionSocketFactory: Setting up HTTPS TrustAll Socket Factory
2018-10-23 15:47:54,245 INFO o.a.j.u.JsseSSLManager: Using default SSL protocol: TLS
2018-10-23 15:47:54,245 INFO o.a.j.u.JsseSSLManager: SSL session context: per-thread
2018-10-23 15:47:54,626 INFO o.a.j.u.SSLManager: JmeterKeyStore Location:  type JKS
2018-10-23 15:47:54,626 INFO o.a.j.u.SSLManager: KeyStore created OK
2018-10-23 15:47:54,626 WARN o.a.j.u.SSLManager: Keystore file not found, loading empty keystore
2018-10-23 15:48:00,110 INFO o.a.j.r.Summariser: summary +     26 in 00:00:11 =    2,3/s Avg:   488 Min:   147 Max:  1424 Err:    15 (57,69%) Active: 5 Started: 5 Finished: 0
2018-10-23 15:48:30,052 INFO o.a.j.r.Summariser: summary +    176 in 00:00:30 =    5,9/s Avg:   341 Min:   125 Max:  2311 Err:    88 (50,00%) Active: 5 Started: 5 Finished: 0
2018-10-23 15:48:30,053 INFO o.a.j.r.Summariser: summary =    202 in 00:00:41 =    4,9/s Avg:   360 Min:   125 Max:  2311 Err:   103 (50,99%)
2018-10-23 15:48:54,006 INFO o.a.j.t.JMeterThread: Stopping because end time detected by thread: Scenario 1 1-2
2018-10-23 15:48:54,006 INFO o.a.j.t.JMeterThread: Stopping because end time detected by thread: Scenario 1 1-3
2018-10-23 15:48:54,006 INFO o.a.j.t.JMeterThread: Stopping because end time detected by thread: Scenario 1 1-1
2018-10-23 15:48:54,006 INFO o.a.j.t.JMeterThread: Stopping because end time detected by thread: Scenario 1 1-4
2018-10-23 15:48:54,006 INFO o.a.j.t.JMeterThread: Thread finished: Scenario 1 1-2
2018-10-23 15:48:54,006 INFO o.a.j.t.JMeterThread: Thread finished: Scenario 1 1-1
2018-10-23 15:48:54,006 INFO o.a.j.t.JMeterThread: Thread finished: Scenario 1 1-3
2018-10-23 15:48:54,006 INFO o.a.j.t.JMeterThread: Thread finished: Scenario 1 1-4
2018-10-23 15:48:54,053 INFO o.a.j.t.JMeterThread: Stopping because end time detected by thread: Scenario 1 1-5
2018-10-23 15:48:54,053 INFO o.a.j.t.JMeterThread: Thread finished: Scenario 1 1-5
2018-10-23 15:48:54,053 INFO o.a.j.e.StandardJMeterEngine: Notifying test listeners of end of test
2018-10-23 15:48:54,069 INFO o.a.j.r.Summariser: summary +    135 in 00:00:24 =    5,6/s Avg:   363 Min:   133 Max:  2191 Err:    68 (50,37%) Active: 0 Started: 5 Finished: 5
2018-10-23 15:48:54,069 INFO o.a.j.r.Summariser: summary =    337 in 00:01:05 =    5,2/s Avg:   361 Min:   125 Max:  2311 Err:   171 (50,74%)
2018-10-23 15:48:54,069 INFO o.a.j.JMeter: Generating Dashboard
2018-10-23 15:48:54,069 INFO o.a.j.r.d.ReportGenerator: Flushing result collector before report Generation
2018-10-23 15:48:54,085 INFO o.a.j.r.p.NormalizerSampleConsumer: Using format, 'ms', to parse timeStamp field
2018-10-23 15:48:54,272 INFO o.a.j.r.p.AbstractSampleConsumer: class org.apache.jmeter.report.processor.AggregateConsumer#stopProducing(): beginDate produced 0 samples
2018-10-23 15:48:54,272 INFO o.a.j.r.p.AbstractSampleConsumer: class org.apache.jmeter.report.processor.AggregateConsumer#stopProducing(): endDate produced 0 samples
2018-10-23 15:48:54,272 INFO o.a.j.r.p.AbstractSampleConsumer: class org.apache.jmeter.report.processor.ApdexSummaryConsumer#stopProducing(): apdexSummary produced 0 samples
2018-10-23 15:48:54,272 INFO o.a.j.r.p.AbstractSampleConsumer: class org.apache.jmeter.report.processor.RequestsSummaryConsumer#stopProducing(): requestsSummary produced 0 samples
2018-10-23 15:48:54,272 INFO o.a.j.r.p.AbstractSampleConsumer: class org.apache.jmeter.report.processor.StatisticsSummaryConsumer#stopProducing(): statisticsSummary produced 0 samples
2018-10-23 15:48:54,288 INFO o.a.j.r.p.AbstractSampleConsumer: class org.apache.jmeter.report.processor.Top5ErrorsBySamplerConsumer#stopProducing(): top5ErrorsBySampler produced 0 samples
2018-10-23 15:48:54,288 INFO o.a.j.r.p.AbstractSampleConsumer: class org.apache.jmeter.report.processor.ErrorsSummaryConsumer#stopProducing(): errorsSummary produced 0 samples
2018-10-23 15:48:54,288 INFO o.a.j.r.p.AbstractSampleConsumer: class org.apache.jmeter.report.processor.graph.impl.HitsPerSecondGraphConsumer#stopProducing(): hitsPerSecond produced 0 samples
2018-10-23 15:48:54,397 INFO o.a.j.r.p.AbstractSampleConsumer: class org.apache.jmeter.report.processor.graph.impl.LatencyVSRequestGraphConsumer#stopProducing(): latencyVsRequest produced 0 samples
2018-10-23 15:48:54,397 INFO o.a.j.r.p.AbstractSampleConsumer: class org.apache.jmeter.report.processor.graph.impl.SyntheticResponseTimeDistributionGraphConsumer#stopProducing(): syntheticResponseTimeDistribution produced 0 samples
2018-10-23 15:48:54,397 INFO o.a.j.r.p.AbstractSampleConsumer: class org.apache.jmeter.report.processor.graph.impl.BytesThroughputGraphConsumer#stopProducing(): bytesThroughputOverTime produced 0 samples
2018-10-23 15:48:54,397 INFO o.a.j.r.p.AbstractSampleConsumer: class org.apache.jmeter.report.processor.graph.impl.CodesPerSecondGraphConsumer#stopProducing(): codesPerSecond produced 0 samples
2018-10-23 15:48:54,413 INFO o.a.j.r.p.AbstractSampleConsumer: class org.apache.jmeter.report.processor.graph.impl.ResponseTimeVSRequestGraphConsumer#stopProducing(): responseTimeVsRequest produced 0 samples
2018-10-23 15:48:54,413 INFO o.a.j.r.p.AbstractSampleConsumer: class org.apache.jmeter.report.processor.FilterConsumer#stopProducing(): startIntervalControlerFilter produced 8274 samples
2018-10-23 15:48:54,413 INFO o.a.j.r.p.AbstractSampleConsumer: class org.apache.jmeter.report.processor.graph.impl.TotalTPSGraphConsumer#stopProducing(): totalTPS produced 0 samples
2018-10-23 15:48:54,413 INFO o.a.j.r.p.AbstractSampleConsumer: class org.apache.jmeter.report.processor.graph.impl.ActiveThreadsGraphConsumer#stopProducing(): activeThreadsOverTime produced 0 samples
2018-10-23 15:48:54,413 INFO o.a.j.r.p.AbstractSampleConsumer: class org.apache.jmeter.report.processor.graph.impl.TimeVSThreadGraphConsumer#stopProducing(): timeVsThreads produced 0 samples
2018-10-23 15:48:54,428 INFO o.a.j.r.p.AbstractSampleConsumer: class org.apache.jmeter.report.processor.graph.impl.ResponseTimeDistributionGraphConsumer#stopProducing(): responseTimeDistribution produced 0 samples
2018-10-23 15:48:54,428 INFO o.a.j.r.p.AbstractSampleConsumer: class org.apache.jmeter.report.processor.graph.impl.TransactionsPerSecondGraphConsumer#stopProducing(): transactionsPerSecond produced 0 samples
2018-10-23 15:48:54,428 INFO o.a.j.r.p.AbstractSampleConsumer: class org.apache.jmeter.report.processor.graph.impl.ResponseTimePercentilesGraphConsumer#stopProducing(): responseTimePercentiles produced 0 samples
2018-10-23 15:48:54,428 INFO o.a.j.r.p.AbstractSampleConsumer: class org.apache.jmeter.report.processor.graph.impl.ResponseTimePercentilesOverTimeGraphConsumer#stopProducing(): responseTimePercentilesOverTime produced 0 samples
2018-10-23 15:48:54,428 INFO o.a.j.r.p.AbstractSampleConsumer: class org.apache.jmeter.report.processor.graph.impl.ResponseTimeOverTimeGraphConsumer#stopProducing(): responseTimesOverTime produced 0 samples
2018-10-23 15:48:54,428 INFO o.a.j.r.p.AbstractSampleConsumer: class org.apache.jmeter.report.processor.graph.impl.ConnectTimeOverTimeGraphConsumer#stopProducing(): connectTimeOverTime produced 0 samples
2018-10-23 15:48:54,428 INFO o.a.j.r.p.AbstractSampleConsumer: class org.apache.jmeter.report.processor.graph.impl.LatencyOverTimeGraphConsumer#stopProducing(): latenciesOverTime produced 0 samples
2018-10-23 15:48:54,428 INFO o.a.j.r.p.AbstractSampleConsumer: class org.apache.jmeter.report.processor.FilterConsumer#stopProducing(): nameFilter produced 17730 samples
2018-10-23 15:48:54,428 INFO o.a.j.r.p.AbstractSampleConsumer: class org.apache.jmeter.report.processor.FilterConsumer#stopProducing(): dateRangeFilter produced 3546 samples
2018-10-23 15:48:54,428 INFO o.a.j.r.p.AbstractSampleConsumer: class org.apache.jmeter.report.processor.NormalizerSampleConsumer#stopProducing(): normalizer produced 1182 samples
2018-10-23 15:48:54,428 INFO o.a.j.r.p.CsvFileSampleSource: produce(): 1182 samples produced in 328ms on channel 0
2018-10-23 15:48:54,428 INFO o.a.j.r.d.ReportGenerator: Exporting data using exporter:'html' of className:'org.apache.jmeter.report.dashboard.HtmlTemplateExporter'
2018-10-23 15:48:54,428 INFO o.a.j.r.d.HtmlTemplateExporter: Will generate dashboard in folder: C:\Users\susana\workspace\Problema1\target\jmeter\reports\Scenario1_20181023_154742
2018-10-23 15:48:54,514 INFO o.a.j.r.d.HtmlTemplateExporter: Report will be generated in: C:\Users\susana\workspace\Problema1\target\jmeter\reports\Scenario1_20181023_154742, creating folder structure
2018-10-23 15:48:55,185 INFO o.a.j.JMeter: Dashboard generated
